<?xml version="1.0" encoding="UTF-8"?>
<testsuite xmlns:xsi="http://www.w3.org/2001/XMLSchema-instance" xsi:noNamespaceSchemaLocation="https://maven.apache.org/surefire/maven-surefire-plugin/xsd/surefire-test-report.xsd" name="ch.zhaw.mas.junit5.x.EuroTest" time="0.001" tests="2" errors="0" skipped="0" failures="0">
  <properties>
    <property name="gopherProxySet" value="false"/>
    <property name="awt.toolkit" value="sun.lwawt.macosx.LWCToolkit"/>
    <property name="java.specification.version" value="11"/>
    <property name="sun.cpu.isalist" value=""/>
    <property name="sun.jnu.encoding" value="UTF-8"/>
    <property name="java.class.path" value="/Volumes/GoogleDrive/My Drive/homes/alu/my_docs/dev/intellij-projects/edu_zhaw-advanced-java-course/004_testing-junit-3-4-5-mockito/target/test-classes:/Volumes/GoogleDrive/My Drive/homes/alu/my_docs/dev/intellij-projects/edu_zhaw-advanced-java-course/004_testing-junit-3-4-5-mockito/target/classes:/Users/alu/.m2/repository/org/junit/platform/junit-platform-launcher/1.2.0/junit-platform-launcher-1.2.0.jar:/Users/alu/.m2/repository/org/apiguardian/apiguardian-api/1.0.0/apiguardian-api-1.0.0.jar:/Users/alu/.m2/repository/org/junit/platform/junit-platform-engine/1.2.0/junit-platform-engine-1.2.0.jar:/Users/alu/.m2/repository/org/junit/platform/junit-platform-commons/1.2.0/junit-platform-commons-1.2.0.jar:/Users/alu/.m2/repository/org/opentest4j/opentest4j/1.1.0/opentest4j-1.1.0.jar:/Users/alu/.m2/repository/org/junit/platform/junit-platform-runner/1.4.1/junit-platform-runner-1.4.1.jar:/Users/alu/.m2/repository/junit/junit/4.12/junit-4.12.jar:/Users/alu/.m2/repository/org/hamcrest/hamcrest-core/1.3/hamcrest-core-1.3.jar:/Users/alu/.m2/repository/org/junit/platform/junit-platform-suite-api/1.4.1/junit-platform-suite-api-1.4.1.jar:/Users/alu/.m2/repository/org/junit/jupiter/junit-jupiter-engine/5.2.0/junit-jupiter-engine-5.2.0.jar:/Users/alu/.m2/repository/org/junit/jupiter/junit-jupiter-api/5.2.0/junit-jupiter-api-5.2.0.jar:/Users/alu/.m2/repository/org/junit/vintage/junit-vintage-engine/5.2.0/junit-vintage-engine-5.2.0.jar:/Users/alu/.m2/repository/org/mockito/mockito-core/2.18.3/mockito-core-2.18.3.jar:/Users/alu/.m2/repository/net/bytebuddy/byte-buddy/1.8.5/byte-buddy-1.8.5.jar:/Users/alu/.m2/repository/net/bytebuddy/byte-buddy-agent/1.8.5/byte-buddy-agent-1.8.5.jar:/Users/alu/.m2/repository/org/objenesis/objenesis/2.6/objenesis-2.6.jar:/Users/alu/.m2/repository/org/mockito/mockito-junit-jupiter/2.18.3/mockito-junit-jupiter-2.18.3.jar:/Users/alu/.m2/repository/org/assertj/assertj-core/3.9.1/assertj-core-3.9.1.jar:"/>
    <property name="java.vm.vendor" value="Amazon.com Inc."/>
    <property name="sun.arch.data.model" value="64"/>
    <property name="java.vendor.url" value="https://aws.amazon.com/corretto/"/>
    <property name="user.timezone" value="Europe/Zurich"/>
    <property name="java.vm.specification.version" value="11"/>
    <property name="os.name" value="Mac OS X"/>
    <property name="sun.java.launcher" value="SUN_STANDARD"/>
    <property name="user.country" value="CH"/>
    <property name="sun.boot.library.path" value="/Library/Java/JavaVirtualMachines/amazon-corretto-11.jdk/Contents/Home/lib"/>
    <property name="sun.java.command" value="/Volumes/GoogleDrive/My Drive/homes/alu/my_docs/dev/intellij-projects/edu_zhaw-advanced-java-course/004_testing-junit-3-4-5-mockito/target/surefire/surefirebooter12045556874163881894.jar /Volumes/GoogleDrive/My Drive/homes/alu/my_docs/dev/intellij-projects/edu_zhaw-advanced-java-course/004_testing-junit-3-4-5-mockito/target/surefire 2019-11-01T17-26-25_404-jvmRun1 surefire2243618990597904782tmp surefire_0668016054605217044tmp"/>
    <property name="http.nonProxyHosts" value="local|*.local|169.254/16|*.169.254/16"/>
    <property name="jdk.debug" value="release"/>
    <property name="surefire.test.class.path" value="/Volumes/GoogleDrive/My Drive/homes/alu/my_docs/dev/intellij-projects/edu_zhaw-advanced-java-course/004_testing-junit-3-4-5-mockito/target/test-classes:/Volumes/GoogleDrive/My Drive/homes/alu/my_docs/dev/intellij-projects/edu_zhaw-advanced-java-course/004_testing-junit-3-4-5-mockito/target/classes:/Users/alu/.m2/repository/org/junit/platform/junit-platform-launcher/1.2.0/junit-platform-launcher-1.2.0.jar:/Users/alu/.m2/repository/org/apiguardian/apiguardian-api/1.0.0/apiguardian-api-1.0.0.jar:/Users/alu/.m2/repository/org/junit/platform/junit-platform-engine/1.2.0/junit-platform-engine-1.2.0.jar:/Users/alu/.m2/repository/org/junit/platform/junit-platform-commons/1.2.0/junit-platform-commons-1.2.0.jar:/Users/alu/.m2/repository/org/opentest4j/opentest4j/1.1.0/opentest4j-1.1.0.jar:/Users/alu/.m2/repository/org/junit/platform/junit-platform-runner/1.4.1/junit-platform-runner-1.4.1.jar:/Users/alu/.m2/repository/junit/junit/4.12/junit-4.12.jar:/Users/alu/.m2/repository/org/hamcrest/hamcrest-core/1.3/hamcrest-core-1.3.jar:/Users/alu/.m2/repository/org/junit/platform/junit-platform-suite-api/1.4.1/junit-platform-suite-api-1.4.1.jar:/Users/alu/.m2/repository/org/junit/jupiter/junit-jupiter-engine/5.2.0/junit-jupiter-engine-5.2.0.jar:/Users/alu/.m2/repository/org/junit/jupiter/junit-jupiter-api/5.2.0/junit-jupiter-api-5.2.0.jar:/Users/alu/.m2/repository/org/junit/vintage/junit-vintage-engine/5.2.0/junit-vintage-engine-5.2.0.jar:/Users/alu/.m2/repository/org/mockito/mockito-core/2.18.3/mockito-core-2.18.3.jar:/Users/alu/.m2/repository/net/bytebuddy/byte-buddy/1.8.5/byte-buddy-1.8.5.jar:/Users/alu/.m2/repository/net/bytebuddy/byte-buddy-agent/1.8.5/byte-buddy-agent-1.8.5.jar:/Users/alu/.m2/repository/org/objenesis/objenesis/2.6/objenesis-2.6.jar:/Users/alu/.m2/repository/org/mockito/mockito-junit-jupiter/2.18.3/mockito-junit-jupiter-2.18.3.jar:/Users/alu/.m2/repository/org/assertj/assertj-core/3.9.1/assertj-core-3.9.1.jar:"/>
    <property name="sun.cpu.endian" value="little"/>
    <property name="user.home" value="/Users/alu"/>
    <property name="user.language" value="en"/>
    <property name="java.specification.vendor" value="Oracle Corporation"/>
    <property name="java.version.date" value="2019-07-16"/>
    <property name="java.home" value="/Library/Java/JavaVirtualMachines/amazon-corretto-11.jdk/Contents/Home"/>
    <property name="file.separator" value="/"/>
    <property name="basedir" value="/Volumes/GoogleDrive/My Drive/homes/alu/my_docs/dev/intellij-projects/edu_zhaw-advanced-java-course/004_testing-junit-3-4-5-mockito"/>
    <property name="java.vm.compressedOopsMode" value="Zero based"/>
    <property name="line.separator" value="&#10;"/>
    <property name="idea.version2019.2.3" value="true"/>
    <property name="java.specification.name" value="Java Platform API Specification"/>
    <property name="java.vm.specification.vendor" value="Oracle Corporation"/>
    <property name="java.awt.graphicsenv" value="sun.awt.CGraphicsEnvironment"/>
    <property name="surefire.real.class.path" value="/Volumes/GoogleDrive/My Drive/homes/alu/my_docs/dev/intellij-projects/edu_zhaw-advanced-java-course/004_testing-junit-3-4-5-mockito/target/surefire/surefirebooter12045556874163881894.jar"/>
    <property name="sun.management.compiler" value="HotSpot 64-Bit Tiered Compilers"/>
    <property name="ftp.nonProxyHosts" value="local|*.local|169.254/16|*.169.254/16"/>
    <property name="java.runtime.version" value="11.0.4+11-LTS"/>
    <property name="user.name" value="alu"/>
    <property name="path.separator" value=":"/>
    <property name="os.version" value="10.14.6"/>
    <property name="java.runtime.name" value="OpenJDK Runtime Environment"/>
    <property name="file.encoding" value="US-ASCII"/>
    <property name="java.vm.name" value="OpenJDK 64-Bit Server VM"/>
    <property name="java.vendor.version" value="Corretto-11.0.4.11.1"/>
    <property name="localRepository" value="/Users/alu/.m2/repository"/>
    <property name="java.vendor.url.bug" value="https://github.com/corretto/corretto-11/issues/"/>
    <property name="java.io.tmpdir" value="/var/folders/c2/fkbpqk6179bg0hr34xjkqdp40000gn/T/"/>
    <property name="java.version" value="11.0.4"/>
    <property name="user.dir" value="/Volumes/GoogleDrive/My Drive/homes/alu/my_docs/dev/intellij-projects/edu_zhaw-advanced-java-course/004_testing-junit-3-4-5-mockito"/>
    <property name="os.arch" value="x86_64"/>
    <property name="java.vm.specification.name" value="Java Virtual Machine Specification"/>
    <property name="java.awt.printerjob" value="sun.lwawt.macosx.CPrinterJob"/>
    <property name="sun.os.patch.level" value="unknown"/>
    <property name="java.library.path" value="/Users/alu/Library/Java/Extensions:/Library/Java/Extensions:/Network/Library/Java/Extensions:/System/Library/Java/Extensions:/usr/lib/java:."/>
    <property name="java.vendor" value="Amazon.com Inc."/>
    <property name="java.vm.info" value="mixed mode"/>
    <property name="java.vm.version" value="11.0.4+11-LTS"/>
    <property name="sun.io.unicode.encoding" value="UnicodeBig"/>
    <property name="java.class.version" value="55.0"/>
    <property name="socksNonProxyHosts" value="local|*.local|169.254/16|*.169.254/16"/>
  </properties>
  <testcase name="testAdding" classname="ch.zhaw.mas.junit5.x.EuroTest" time="0"/>
  <testcase name="testInvalid" classname="ch.zhaw.mas.junit5.x.EuroTest" time="0"/>
</testsuite>